DEBUG:pymodbus.client.async:Client connected to modbus server
DEBUG:pymodbus.transaction:adding transaction 1
DEBUG:pymodbus.transaction:adding transaction 2
DEBUG:pymodbus.transaction:adding transaction 3
DEBUG:pymodbus.transaction:adding transaction 4
DEBUG:pymodbus.transaction:adding transaction 5
DEBUG:pymodbus.transaction:adding transaction 6
DEBUG:pymodbus.transaction:adding transaction 7
DEBUG:pymodbus.transaction:adding transaction 8
DEBUG:pymodbus.transaction:adding transaction 9
DEBUG:pymodbus.transaction:adding transaction 10
DEBUG:pymodbus.transaction:adding transaction 11
DEBUG:pymodbus.transaction:adding transaction 12
DEBUG:pymodbus.transaction:0x0 0x1 0x0 0x0 0x0 0x6 0x0 0x5 0x0 0x1 0xff 0x0 0x0 0x2 0x0 0x0 0x0 0x4 0x0 0x1 0x1 0x1 0x0 0x3 0x0 0x0 0x0 0x6 0x0 0xf 0x0 0x1 0x0 0x8 0x0 0x4 0x0 0x0 0x0 0x4 0x0 0x1 0x1 0xff 0x0 0x5 0x0 0x0 0x0 0x6 0x0 0xf 0x0 0x1 0x0 0x8 0x0 0x6 0x0 0x0 0x0 0x4 0x0 0x2 0x1 0xff 0x0 0x7 0x0 0x0 0x0 0x6 0x0 0x6 0x0 0x1 0x0 0xa 0x0 0x8 0x0 0x0 0x0 0x5 0x0 0x3 0x2 0x0 0xa 0x0 0x9 0x0 0x0 0x0 0x6 0x0 0x10 0x0 0x1 0x0 0x8 0x0 0xa 0x0 0x0 0x0 0x13 0x0 0x4 0x10 0x0 0x11 0x0 0x11 0x0 0x11 0x0 0x11 0x0 0x11 0x0 0x11 0x0 0x11 0x0 0x11 0x0 0xb 0x0 0x0 0x0 0x13 0x0 0x17 0x10 0x0 0x14 0x0 0x14 0x0 0x14 0x0 0x14 0x0 0x14 0x0 0x14 0x0 0x14 0x0 0x14 0x0 0xc 0x0 0x0 0x0 0x13 0x0 0x4 0x10 0x0 0x11 0x0 0x11 0x0 0x11 0x0 0x11 0x0 0x11 0x0 0x11 0x0 0x11 0x0 0x11
DEBUG:pymodbus.factory:Factory Response[5]
DEBUG:pymodbus.transaction:getting transaction 1
DEBUG:pymodbus.factory:Factory Response[1]
DEBUG:pymodbus.transaction:getting transaction 2
DEBUG:pymodbus.factory:Factory Response[15]
DEBUG:pymodbus.transaction:getting transaction 3
DEBUG:pymodbus.factory:Factory Response[1]
DEBUG:pymodbus.transaction:getting transaction 4
DEBUG:pymodbus.factory:Factory Response[15]
DEBUG:pymodbus.transaction:getting transaction 5
DEBUG:pymodbus.factory:Factory Response[2]
DEBUG:pymodbus.transaction:getting transaction 6
DEBUG:pymodbus.factory:Factory Response[6]
DEBUG:pymodbus.transaction:getting transaction 7
DEBUG:pymodbus.factory:Factory Response[3]
DEBUG:pymodbus.transaction:getting transaction 8
DEBUG:pymodbus.factory:Factory Response[16]
DEBUG:pymodbus.transaction:getting transaction 9
DEBUG:pymodbus.factory:Factory Response[4]
DEBUG:pymodbus.transaction:getting transaction 10
DEBUG:pymodbus.factory:Factory Response[23]
DEBUG:pymodbus.transaction:getting transaction 11
DEBUG:pymodbus.factory:Factory Response[4]
DEBUG:pymodbus.transaction:getting transaction 12
DEBUG:pymodbus.client.async:Client disconnected from modbus server: [Failure instance: Traceback (failure with no frames): <class 'twisted.internet.error.ConnectionDone'>: Connection was closed cleanly.
]
